<?xml version="1.0" encoding="UTF-8"?>
<testng-results skipped="0" failed="0" total="1" passed="1">
  <reporter-output>
  </reporter-output>
  <suite name="Suite" duration-ms="19108" started-at="2016-11-15T03:24:54Z" finished-at="2016-11-15T03:25:13Z">
    <groups>
    </groups>
    <test name="Test" duration-ms="19108" started-at="2016-11-15T03:24:54Z" finished-at="2016-11-15T03:25:13Z">
      <class name="sTest.Man">
        <test-method status="PASS" signature="t()[pri:0, instance:sTest.Man@28864e92]" name="t" duration-ms="19095" started-at="2016-11-14T22:24:54Z" finished-at="2016-11-14T22:25:13Z">
          <reporter-output>
          </reporter-output>
        </test-method> <!-- t -->
      </class> <!-- sTest.Man -->
    </test> <!-- Test -->
  </suite> <!-- Suite -->
</testng-results>
