<?xml version="1.0" encoding="UTF-8"?>
<testng-results skipped="0" failed="0" total="1" passed="1">
  <reporter-output>
  </reporter-output>
  <suite name="Suite" duration-ms="12909" started-at="2016-11-15T03:07:41Z" finished-at="2016-11-15T03:07:54Z">
    <groups>
    </groups>
    <test name="Test" duration-ms="12909" started-at="2016-11-15T03:07:41Z" finished-at="2016-11-15T03:07:54Z">
      <class name="sTest.Man">
        <test-method status="PASS" signature="t()[pri:0, instance:sTest.Man@58651fd0]" name="t" duration-ms="12884" started-at="2016-11-14T22:07:41Z" finished-at="2016-11-14T22:07:54Z">
          <reporter-output>
          </reporter-output>
        </test-method> <!-- t -->
      </class> <!-- sTest.Man -->
    </test> <!-- Test -->
  </suite> <!-- Suite -->
</testng-results>
